<?xml version="1.0" encoding="UTF-8"?>
<!-- Generated by org.testng.reporters.JUnitReportReporter -->
<testsuite skipped="0" hostname="DESKTOP-U9E924T" name="TestNG.Annotations" tests="2" failures="0" timestamp="2021-04-06T06:49:02 PDT" time="0.015" errors="0">
  <testcase name="verifyPN" time="0.015" classname="TestNG.Annotations"/>
  <system-out>
verifying prof name tc1  </system-out>
  <testcase name="verifyusername" time="0.000" classname="TestNG.Annotations"/>
  <system-out>
verifying userid tc2  </system-out>
</testsuite> <!-- TestNG.Annotations -->
