<?xml version="1.0" encoding="UTF-8"?>
<!-- Generated by org.testng.reporters.JUnitReportReporter -->
<testsuite skipped="0" hostname="DESKTOP-U9E924T" name="TestNG.testNGClass" tests="1" failures="0" timestamp="2021-04-06T06:00:14 PDT" time="143.550" errors="0">
  <testcase name="m1" time="143.550" classname="TestNG.testNGClass"/>
  <system-out/>
</testsuite> <!-- TestNG.testNGClass -->
