<?xml version="1.0" encoding="UTF-8"?>
<!-- Generated by org.testng.reporters.JUnitReportReporter -->
<testsuite skipped="0" hostname="DESKTOP-U9E924T" name="TestNG.sample1" tests="4" failures="0" timestamp="2021-04-06T06:34:44 PDT" time="0.035" errors="0">
  <testcase name="verifyUserId" time="0.000" classname="TestNG.sample1"/>
  <system-out>
running tc2  </system-out>
  <testcase name="TC1" time="0.035" classname="TestNG.sample1"/>
  <system-out>
RUNNING TC1  </system-out>
  <testcase name="TC2" time="0.000" classname="TestNG.sample1"/>
  <system-out/>
  <testcase name="verifyPN" time="0.000" classname="TestNG.sample1"/>
  <system-out>
running tc1  </system-out>
</testsuite> <!-- TestNG.sample1 -->
